The system is: Darwin - 18.2.0 - x86_64
Compiling the CXX compiler identification source file "CMakeCXXCompilerId.cpp" succeeded.
Compiler:  
Build flags: --sysroot;;
Id flags:  

The output was:
0
note: Using new build system
note: Planning build
note: Constructing build description
Build system information
warning: Traditional headermap style is no longer supported; please migrate to using separate headermaps and set 'ALWAYS_SEARCH_USER_PATHS' to NO. (in target 'CompilerIdCXX')

CreateBuildDirectory /Users/endertekin/Projects/zoomboard/rtmp_server/build/CMakeFiles/3.13.3/CompilerIdCXX (in target: CompilerIdCXX)
    cd /Users/endertekin/Projects/zoomboard/rtmp_server/build/CMakeFiles/3.13.3/CompilerIdCXX
    builtin-create-build-directory /Users/endertekin/Projects/zoomboard/rtmp_server/build/CMakeFiles/3.13.3/CompilerIdCXX

WriteAuxiliaryFile /Users/endertekin/Projects/zoomboard/rtmp_server/build/CMakeFiles/3.13.3/CompilerIdCXX/CompilerIdCXX.build/Debug/CompilerIdCXX.build/all-product-headers.yaml (in target: CompilerIdCXX)
    cd /Users/endertekin/Projects/zoomboard/rtmp_server/build/CMakeFiles/3.13.3/CompilerIdCXX
    write-file /Users/endertekin/Projects/zoomboard/rtmp_server/build/CMakeFiles/3.13.3/CompilerIdCXX/CompilerIdCXX.build/Debug/CompilerIdCXX.build/all-product-headers.yaml

WriteAuxiliaryFile /Users/endertekin/Projects/zoomboard/rtmp_server/build/CMakeFiles/3.13.3/CompilerIdCXX/CompilerIdCXX.build/Debug/CompilerIdCXX.build/CompilerIdCXX.hmap (in target: CompilerIdCXX)
    cd /Users/endertekin/Projects/zoomboard/rtmp_server/build/CMakeFiles/3.13.3/CompilerIdCXX
    write-file /Users/endertekin/Projects/zoomboard/rtmp_server/build/CMakeFiles/3.13.3/CompilerIdCXX/CompilerIdCXX.build/Debug/CompilerIdCXX.build/CompilerIdCXX.hmap

WriteAuxiliaryFile /Users/endertekin/Projects/zoomboard/rtmp_server/build/CMakeFiles/3.13.3/CompilerIdCXX/CompilerIdCXX.build/Debug/CompilerIdCXX.build/CompilerIdCXX-project-headers.hmap (in target: CompilerIdCXX)
    cd /Users/endertekin/Projects/zoomboard/rtmp_server/build/CMakeFiles/3.13.3/CompilerIdCXX
    write-file /Users/endertekin/Projects/zoomboard/rtmp_server/build/CMakeFiles/3.13.3/CompilerIdCXX/CompilerIdCXX.build/Debug/CompilerIdCXX.build/CompilerIdCXX-project-headers.hmap

WriteAuxiliaryFile /Users/endertekin/Projects/zoomboard/rtmp_server/build/CMakeFiles/3.13.3/CompilerIdCXX/CompilerIdCXX.build/Debug/CompilerIdCXX.build/CompilerIdCXX-own-target-headers.hmap (in target: CompilerIdCXX)
    cd /Users/endertekin/Projects/zoomboard/rtmp_server/build/CMakeFiles/3.13.3/CompilerIdCXX
    write-file /Users/endertekin/Projects/zoomboard/rtmp_server/build/CMakeFiles/3.13.3/CompilerIdCXX/CompilerIdCXX.build/Debug/CompilerIdCXX.build/CompilerIdCXX-own-target-headers.hmap

WriteAuxiliaryFile /Users/endertekin/Projects/zoomboard/rtmp_server/build/CMakeFiles/3.13.3/CompilerIdCXX/CompilerIdCXX.build/Debug/CompilerIdCXX.build/CompilerIdCXX-generated-files.hmap (in target: CompilerIdCXX)
    cd /Users/endertekin/Projects/zoomboard/rtmp_server/build/CMakeFiles/3.13.3/CompilerIdCXX
    write-file /Users/endertekin/Projects/zoomboard/rtmp_server/build/CMakeFiles/3.13.3/CompilerIdCXX/CompilerIdCXX.build/Debug/CompilerIdCXX.build/CompilerIdCXX-generated-files.hmap

WriteAuxiliaryFile /Users/endertekin/Projects/zoomboard/rtmp_server/build/CMakeFiles/3.13.3/CompilerIdCXX/CompilerIdCXX.build/Debug/CompilerIdCXX.build/CompilerIdCXX-all-target-headers.hmap (in target: CompilerIdCXX)
    cd /Users/endertekin/Projects/zoomboard/rtmp_server/build/CMakeFiles/3.13.3/CompilerIdCXX
    write-file /Users/endertekin/Projects/zoomboard/rtmp_server/build/CMakeFiles/3.13.3/CompilerIdCXX/CompilerIdCXX.build/Debug/CompilerIdCXX.build/CompilerIdCXX-all-target-headers.hmap

WriteAuxiliaryFile /Users/endertekin/Projects/zoomboard/rtmp_server/build/CMakeFiles/3.13.3/CompilerIdCXX/CompilerIdCXX.build/Debug/CompilerIdCXX.build/CompilerIdCXX-all-non-framework-target-headers.hmap (in target: CompilerIdCXX)
    cd /Users/endertekin/Projects/zoomboard/rtmp_server/build/CMakeFiles/3.13.3/CompilerIdCXX
    write-file /Users/endertekin/Projects/zoomboard/rtmp_server/build/CMakeFiles/3.13.3/CompilerIdCXX/CompilerIdCXX.build/Debug/CompilerIdCXX.build/CompilerIdCXX-all-non-framework-target-headers.hmap

CompileC /Users/endertekin/Projects/zoomboard/rtmp_server/build/CMakeFiles/3.13.3/CompilerIdCXX/CompilerIdCXX.build/Debug/CompilerIdCXX.build/Objects-normal/x86_64/CMakeCXXCompilerId.o /Users/endertekin/Projects/zoomboard/rtmp_server/build/CMakeFiles/3.13.3/CompilerIdCXX/CMakeCXXCompilerId.cpp normal x86_64 c++ com.apple.compilers.llvm.clang.1_0.compiler (in target: CompilerIdCXX)
    cd /Users/endertekin/Projects/zoomboard/rtmp_server/build/CMakeFiles/3.13.3/CompilerIdCXX
    export LANG=en_US.US-ASCII
    /Applications/Xcode.app/Contents/Developer/Toolchains/XcodeDefault.xctoolchain/usr/bin/clang -x c++ -arch x86_64 -fmessage-length=0 -fdiagnostics-show-note-include-stack -fmacro-backtrace-limit=0 -Wno-trigraphs -fpascal-strings -Os -Wno-missing-field-initializers -Wno-missing-prototypes -Wno-return-type -Wno-non-virtual-dtor -Wno-overloaded-virtual -Wno-exit-time-destructors -Wno-missing-braces -Wparentheses -Wswitch -Wno-unused-function -Wno-unused-label -Wno-unused-parameter -Wno-unused-variable -Wunused-value -Wno-empty-body -Wno-uninitialized -Wno-unknown-pragmas -Wno-shadow -Wno-four-char-constants -Wno-conversion -Wno-constant-conversion -Wno-int-conversion -Wno-bool-conversion -Wno-enum-conversion -Wno-float-conversion -Wno-non-literal-null-conversion -Wno-objc-literal-conversion -Wno-shorten-64-to-32 -Wno-newline-eof -Wno-c++11-extensions -isysroot /Applications/Xcode.app/Contents/Developer/Platforms/MacOSX.platform/Developer/SDKs/MacOSX10.14.sdk -fasm-blocks -fstrict-aliasing -Wdeprecated-declarations -Winvalid-offsetof -mmacosx-version-min=10.14 -g -fvisibility=hidden -fvisibility-inlines-hidden -Wno-sign-conversion -Wno-infinite-recursion -Wno-move -Wno-comma -Wno-block-capture-autoreleasing -Wno-strict-prototypes -Wno-range-loop-analysis -Wno-semicolon-before-method-body -iquote /Users/endertekin/Projects/zoomboard/rtmp_server/build/CMakeFiles/3.13.3/CompilerIdCXX/CompilerIdCXX.build/Debug/CompilerIdCXX.build/CompilerIdCXX-generated-files.hmap -I/Users/endertekin/Projects/zoomboard/rtmp_server/build/CMakeFiles/3.13.3/CompilerIdCXX/CompilerIdCXX.build/Debug/CompilerIdCXX.build/CompilerIdCXX-own-target-headers.hmap -I/Users/endertekin/Projects/zoomboard/rtmp_server/build/CMakeFiles/3.13.3/CompilerIdCXX/CompilerIdCXX.build/Debug/CompilerIdCXX.build/CompilerIdCXX-all-target-headers.hmap -iquote /Users/endertekin/Projects/zoomboard/rtmp_server/build/CMakeFiles/3.13.3/CompilerIdCXX/CompilerIdCXX.build/Debug/CompilerIdCXX.build/CompilerIdCXX-project-headers.hmap -I/Users/endertekin/Projects/zoomboard/rtmp_server/build/CMakeFiles/3.13.3/CompilerIdCXX/include -I/Users/endertekin/Projects/zoomboard/rtmp_server/build/CMakeFiles/3.13.3/CompilerIdCXX/CompilerIdCXX.build/Debug/CompilerIdCXX.build/DerivedSources/x86_64 -I/Users/endertekin/Projects/zoomboard/rtmp_server/build/CMakeFiles/3.13.3/CompilerIdCXX/CompilerIdCXX.build/Debug/CompilerIdCXX.build/DerivedSources -F/Users/endertekin/Projects/zoomboard/rtmp_server/build/CMakeFiles/3.13.3/CompilerIdCXX -MMD -MT dependencies -MF /Users/endertekin/Projects/zoomboard/rtmp_server/build/CMakeFiles/3.13.3/CompilerIdCXX/CompilerIdCXX.build/Debug/CompilerIdCXX.build/Objects-normal/x86_64/CMakeCXXCompilerId.d --serialize-diagnostics /Users/endertekin/Projects/zoomboard/rtmp_server/build/CMakeFiles/3.13.3/CompilerIdCXX/CompilerIdCXX.build/Debug/CompilerIdCXX.build/Objects-normal/x86_64/CMakeCXXCompilerId.dia -c /Users/endertekin/Projects/zoomboard/rtmp_server/build/CMakeFiles/3.13.3/CompilerIdCXX/CMakeCXXCompilerId.cpp -o /Users/endertekin/Projects/zoomboard/rtmp_server/build/CMakeFiles/3.13.3/CompilerIdCXX/CompilerIdCXX.build/Debug/CompilerIdCXX.build/Objects-normal/x86_64/CMakeCXXCompilerId.o

WriteAuxiliaryFile /Users/endertekin/Projects/zoomboard/rtmp_server/build/CMakeFiles/3.13.3/CompilerIdCXX/CompilerIdCXX.build/Debug/CompilerIdCXX.build/Objects-normal/x86_64/CompilerIdCXX.LinkFileList (in target: CompilerIdCXX)
    cd /Users/endertekin/Projects/zoomboard/rtmp_server/build/CMakeFiles/3.13.3/CompilerIdCXX
    write-file /Users/endertekin/Projects/zoomboard/rtmp_server/build/CMakeFiles/3.13.3/CompilerIdCXX/CompilerIdCXX.build/Debug/CompilerIdCXX.build/Objects-normal/x86_64/CompilerIdCXX.LinkFileList

Ld /Users/endertekin/Projects/zoomboard/rtmp_server/build/CMakeFiles/3.13.3/CompilerIdCXX/CompilerIdCXX normal x86_64 (in target: CompilerIdCXX)
    cd /Users/endertekin/Projects/zoomboard/rtmp_server/build/CMakeFiles/3.13.3/CompilerIdCXX
    export MACOSX_DEPLOYMENT_TARGET=10.14
    /Applications/Xcode.app/Contents/Developer/Toolchains/XcodeDefault.xctoolchain/usr/bin/clang++ -arch x86_64 -isysroot /Applications/Xcode.app/Contents/Developer/Platforms/MacOSX.platform/Developer/SDKs/MacOSX10.14.sdk -L/Users/endertekin/Projects/zoomboard/rtmp_server/build/CMakeFiles/3.13.3/CompilerIdCXX -F/Users/endertekin/Projects/zoomboard/rtmp_server/build/CMakeFiles/3.13.3/CompilerIdCXX -filelist /Users/endertekin/Projects/zoomboard/rtmp_server/build/CMakeFiles/3.13.3/CompilerIdCXX/CompilerIdCXX.build/Debug/CompilerIdCXX.build/Objects-normal/x86_64/CompilerIdCXX.LinkFileList -mmacosx-version-min=10.14 -Xlinker -object_path_lto -Xlinker /Users/endertekin/Projects/zoomboard/rtmp_server/build/CMakeFiles/3.13.3/CompilerIdCXX/CompilerIdCXX.build/Debug/CompilerIdCXX.build/Objects-normal/x86_64/CompilerIdCXX_lto.o -Xlinker -dependency_info -Xlinker /Users/endertekin/Projects/zoomboard/rtmp_server/build/CMakeFiles/3.13.3/CompilerIdCXX/CompilerIdCXX.build/Debug/CompilerIdCXX.build/Objects-normal/x86_64/CompilerIdCXX_dependency_info.dat -o /Users/endertekin/Projects/zoomboard/rtmp_server/build/CMakeFiles/3.13.3/CompilerIdCXX/CompilerIdCXX

WriteAuxiliaryFile /Users/endertekin/Projects/zoomboard/rtmp_server/build/CMakeFiles/3.13.3/CompilerIdCXX/CompilerIdCXX.build/Debug/CompilerIdCXX.build/Script-2C8FEB8E15DC1A1A00E56A5D.sh (in target: CompilerIdCXX)
    cd /Users/endertekin/Projects/zoomboard/rtmp_server/build/CMakeFiles/3.13.3/CompilerIdCXX
    write-file /Users/endertekin/Projects/zoomboard/rtmp_server/build/CMakeFiles/3.13.3/CompilerIdCXX/CompilerIdCXX.build/Debug/CompilerIdCXX.build/Script-2C8FEB8E15DC1A1A00E56A5D.sh

PhaseScriptExecution Run\ Script /Users/endertekin/Projects/zoomboard/rtmp_server/build/CMakeFiles/3.13.3/CompilerIdCXX/CompilerIdCXX.build/Debug/CompilerIdCXX.build/Script-2C8FEB8E15DC1A1A00E56A5D.sh (in target: CompilerIdCXX)
    cd /Users/endertekin/Projects/zoomboard/rtmp_server/build/CMakeFiles/3.13.3/CompilerIdCXX
    /bin/sh -c /Users/endertekin/Projects/zoomboard/rtmp_server/build/CMakeFiles/3.13.3/CompilerIdCXX/CompilerIdCXX.build/Debug/CompilerIdCXX.build/Script-2C8FEB8E15DC1A1A00E56A5D.sh
GCC_VERSION=com.apple.compilers.llvm.clang.1_0
ARCHS=x86_64

** BUILD SUCCEEDED **



Compilation of the CXX compiler identification source "CMakeCXXCompilerId.cpp" produced "CompilerIdCXX"

The CXX compiler identification is AppleClang, found in "/Users/endertekin/Projects/zoomboard/rtmp_server/build/CMakeFiles/3.13.3/CompilerIdCXX/CompilerIdCXX"

Determining if the CXX compiler works passed with the following output:
Change Dir: /Users/endertekin/Projects/zoomboard/rtmp_server/build/CMakeFiles/CMakeTmp

Run Build Command:"/usr/bin/xcodebuild" "-project" "CMAKE_TRY_COMPILE.xcodeproj" "build" "-target" "cmTC_d7007" "-configuration" "Debug"
Prepare build
note: Using legacy build system

=== BUILD TARGET cmTC_d7007 OF PROJECT CMAKE_TRY_COMPILE WITH CONFIGURATION Debug ===

Check dependencies

Write auxiliary files
/bin/mkdir -p /Users/endertekin/Projects/zoomboard/rtmp_server/build/CMakeFiles/CMakeTmp/CMAKE_TRY_COMPILE.build/Debug/cmTC_d7007.build/Objects-normal/x86_64
write-file /Users/endertekin/Projects/zoomboard/rtmp_server/build/CMakeFiles/CMakeTmp/CMAKE_TRY_COMPILE.build/Debug/cmTC_d7007.build/Objects-normal/x86_64/cmTC_d7007.LinkFileList

CompileC CMAKE_TRY_COMPILE.build/Debug/cmTC_d7007.build/Objects-normal/x86_64/testCXXCompiler.o testCXXCompiler.cxx normal x86_64 c++ com.apple.compilers.llvm.clang.1_0.compiler
    cd /Users/endertekin/Projects/zoomboard/rtmp_server/build/CMakeFiles/CMakeTmp
    export LANG=en_US.US-ASCII
    /Applications/Xcode.app/Contents/Developer/Toolchains/XcodeDefault.xctoolchain/usr/bin/clang -x c++ -arch x86_64 -fmessage-length=0 -fdiagnostics-show-note-include-stack -fmacro-backtrace-limit=0 -Wno-trigraphs -fpascal-strings -O0 -Wno-missing-field-initializers -Wno-missing-prototypes -Wno-return-type -Wno-non-virtual-dtor -Wno-overloaded-virtual -Wno-exit-time-destructors -Wno-missing-braces -Wparentheses -Wswitch -Wno-unused-function -Wno-unused-label -Wno-unused-parameter -Wno-unused-variable -Wunused-value -Wno-empty-body -Wno-uninitialized -Wno-unknown-pragmas -Wno-shadow -Wno-four-char-constants -Wno-conversion -Wno-constant-conversion -Wno-int-conversion -Wno-bool-conversion -Wno-enum-conversion -Wno-float-conversion -Wno-non-literal-null-conversion -Wno-objc-literal-conversion -Wno-shorten-64-to-32 -Wno-newline-eof -Wno-c++11-extensions -DCMAKE_INTDIR=\"Debug\" -isysroot /Applications/Xcode.app/Contents/Developer/Platforms/MacOSX.platform/Developer/SDKs/MacOSX10.14.sdk -fasm-blocks -fstrict-aliasing -Wdeprecated-declarations -Winvalid-offsetof -mmacosx-version-min=10.14 -g -Wno-sign-conversion -Wno-infinite-recursion -Wno-move -Wno-comma -Wno-block-capture-autoreleasing -Wno-strict-prototypes -Wno-range-loop-analysis -Wno-semicolon-before-method-body -I/Users/endertekin/Projects/zoomboard/rtmp_server/build/CMakeFiles/CMakeTmp/Debug/include -I/Users/endertekin/Projects/zoomboard/rtmp_server/build/CMakeFiles/CMakeTmp/CMAKE_TRY_COMPILE.build/Debug/cmTC_d7007.build/DerivedSources/x86_64 -I/Users/endertekin/Projects/zoomboard/rtmp_server/build/CMakeFiles/CMakeTmp/CMAKE_TRY_COMPILE.build/Debug/cmTC_d7007.build/DerivedSources -Wmost -Wno-four-char-constants -Wno-unknown-pragmas -F/Users/endertekin/Projects/zoomboard/rtmp_server/build/CMakeFiles/CMakeTmp/Debug --sysroot -MMD -MT dependencies -MF /Users/endertekin/Projects/zoomboard/rtmp_server/build/CMakeFiles/CMakeTmp/CMAKE_TRY_COMPILE.build/Debug/cmTC_d7007.build/Objects-normal/x86_64/testCXXCompiler.d --serialize-diagnostics /Users/endertekin/Projects/zoomboard/rtmp_server/build/CMakeFiles/CMakeTmp/CMAKE_TRY_COMPILE.build/Debug/cmTC_d7007.build/Objects-normal/x86_64/testCXXCompiler.dia -c /Users/endertekin/Projects/zoomboard/rtmp_server/build/CMakeFiles/CMakeTmp/testCXXCompiler.cxx -o /Users/endertekin/Projects/zoomboard/rtmp_server/build/CMakeFiles/CMakeTmp/CMAKE_TRY_COMPILE.build/Debug/cmTC_d7007.build/Objects-normal/x86_64/testCXXCompiler.o
clang: warning: argument unused during compilation: '-MF /Users/endertekin/Projects/zoomboard/rtmp_server/build/CMakeFiles/CMakeTmp/CMAKE_TRY_COMPILE.build/Debug/cmTC_d7007.build/Objects-normal/x86_64/testCXXCompiler.d' [-Wunused-command-line-argument]

2019-01-17 15:25:50.299 xcodebuild[53090:1331002]  DVTAssertions: Warning in /Library/Caches/com.apple.xbs/Sources/IDEXcode3ProjectSupport/IDEXcode3ProjectSupport-14460.26/Xcode3Core/LegacyProjects/Frameworks/DevToolsCore/DevToolsCore/SpecificationTypes/BuiltInSpecifications/Compilers/XCGccMakefileDependencies.mm:79
Details:  Failed to load dependencies output contents from ``/Users/endertekin/Projects/zoomboard/rtmp_server/build/CMakeFiles/CMakeTmp/CMAKE_TRY_COMPILE.build/Debug/cmTC_d7007.build/Objects-normal/x86_64/testCXXCompiler.d''. Error: Error Domain=NSCocoaErrorDomain Code=260 "The file “testCXXCompiler.d” couldn’t be opened because there is no such file." UserInfo={NSFilePath=/Users/endertekin/Projects/zoomboard/rtmp_server/build/CMakeFiles/CMakeTmp/CMAKE_TRY_COMPILE.build/Debug/cmTC_d7007.build/Objects-normal/x86_64/testCXXCompiler.d, NSUnderlyingError=0x7fd584eb58d0 {Error Domain=NSPOSIXErrorDomain Code=2 "No such file or directory"}}. User info: {
    NSFilePath = "/Users/endertekin/Projects/zoomboard/rtmp_server/build/CMakeFiles/CMakeTmp/CMAKE_TRY_COMPILE.build/Debug/cmTC_d7007.build/Objects-normal/x86_64/testCXXCompiler.d";
    NSUnderlyingError = "Error Domain=NSPOSIXErrorDomain Code=2 \"No such file or directory\"";
}.
Function: void XCGccMakefileDependenciesParsePathsFromRuleFile(NSString *__strong, void (^__strong)(NSString *__strong))
Thread:   <NSThread: 0x7fd585048470>{number = 7, name = (null)}
Please file a bug at https://bugreport.apple.com with this warning message and any useful information you can provide.
Ld Debug/cmTC_d7007 normal x86_64
    cd /Users/endertekin/Projects/zoomboard/rtmp_server/build/CMakeFiles/CMakeTmp
    export MACOSX_DEPLOYMENT_TARGET=10.14
    /Applications/Xcode.app/Contents/Developer/Toolchains/XcodeDefault.xctoolchain/usr/bin/clang++ -arch x86_64 -isysroot /Applications/Xcode.app/Contents/Developer/Platforms/MacOSX.platform/Developer/SDKs/MacOSX10.14.sdk -L/Users/endertekin/Projects/zoomboard/rtmp_server/build/CMakeFiles/CMakeTmp/Debug -F/Users/endertekin/Projects/zoomboard/rtmp_server/build/CMakeFiles/CMakeTmp/Debug -filelist /Users/endertekin/Projects/zoomboard/rtmp_server/build/CMakeFiles/CMakeTmp/CMAKE_TRY_COMPILE.build/Debug/cmTC_d7007.build/Objects-normal/x86_64/cmTC_d7007.LinkFileList -mmacosx-version-min=10.14 -Xlinker -object_path_lto -Xlinker /Users/endertekin/Projects/zoomboard/rtmp_server/build/CMakeFiles/CMakeTmp/CMAKE_TRY_COMPILE.build/Debug/cmTC_d7007.build/Objects-normal/x86_64/cmTC_d7007_lto.o -Xlinker -no_deduplicate -Wl,-search_paths_first -Wl,-headerpad_max_install_names -Xlinker -dependency_info -Xlinker /Users/endertekin/Projects/zoomboard/rtmp_server/build/CMakeFiles/CMakeTmp/CMAKE_TRY_COMPILE.build/Debug/cmTC_d7007.build/Objects-normal/x86_64/cmTC_d7007_dependency_info.dat -o /Users/endertekin/Projects/zoomboard/rtmp_server/build/CMakeFiles/CMakeTmp/Debug/cmTC_d7007

** BUILD SUCCEEDED **



Detecting CXX compiler ABI info compiled with the following output:
Change Dir: /Users/endertekin/Projects/zoomboard/rtmp_server/build/CMakeFiles/CMakeTmp

Run Build Command:"/usr/bin/xcodebuild" "-project" "CMAKE_TRY_COMPILE.xcodeproj" "build" "-target" "cmTC_9fe15" "-configuration" "Debug"
Prepare build
note: Using legacy build system

=== BUILD TARGET cmTC_9fe15 OF PROJECT CMAKE_TRY_COMPILE WITH CONFIGURATION Debug ===

Check dependencies

Write auxiliary files
/bin/mkdir -p /Users/endertekin/Projects/zoomboard/rtmp_server/build/CMakeFiles/CMakeTmp/CMAKE_TRY_COMPILE.build/Debug/cmTC_9fe15.build/Objects-normal/x86_64
write-file /Users/endertekin/Projects/zoomboard/rtmp_server/build/CMakeFiles/CMakeTmp/CMAKE_TRY_COMPILE.build/Debug/cmTC_9fe15.build/Objects-normal/x86_64/cmTC_9fe15.LinkFileList

CompileC CMAKE_TRY_COMPILE.build/Debug/cmTC_9fe15.build/Objects-normal/x86_64/CMakeCXXCompilerABI.o /usr/local/Cellar/cmake/3.13.3/share/cmake/Modules/CMakeCXXCompilerABI.cpp normal x86_64 c++ com.apple.compilers.llvm.clang.1_0.compiler
    cd /Users/endertekin/Projects/zoomboard/rtmp_server/build/CMakeFiles/CMakeTmp
    export LANG=en_US.US-ASCII
    /Applications/Xcode.app/Contents/Developer/Toolchains/XcodeDefault.xctoolchain/usr/bin/clang -x c++ -arch x86_64 -fmessage-length=0 -fdiagnostics-show-note-include-stack -fmacro-backtrace-limit=0 -Wno-trigraphs -fpascal-strings -O0 -Wno-missing-field-initializers -Wno-missing-prototypes -Wno-return-type -Wno-non-virtual-dtor -Wno-overloaded-virtual -Wno-exit-time-destructors -Wno-missing-braces -Wparentheses -Wswitch -Wno-unused-function -Wno-unused-label -Wno-unused-parameter -Wno-unused-variable -Wunused-value -Wno-empty-body -Wno-uninitialized -Wno-unknown-pragmas -Wno-shadow -Wno-four-char-constants -Wno-conversion -Wno-constant-conversion -Wno-int-conversion -Wno-bool-conversion -Wno-enum-conversion -Wno-float-conversion -Wno-non-literal-null-conversion -Wno-objc-literal-conversion -Wno-shorten-64-to-32 -Wno-newline-eof -Wno-c++11-extensions -DCMAKE_INTDIR=\"Debug\" -isysroot /Applications/Xcode.app/Contents/Developer/Platforms/MacOSX.platform/Developer/SDKs/MacOSX10.14.sdk -fasm-blocks -fstrict-aliasing -Wdeprecated-declarations -Winvalid-offsetof -mmacosx-version-min=10.14 -g -Wno-sign-conversion -Wno-infinite-recursion -Wno-move -Wno-comma -Wno-block-capture-autoreleasing -Wno-strict-prototypes -Wno-range-loop-analysis -Wno-semicolon-before-method-body -I/Users/endertekin/Projects/zoomboard/rtmp_server/build/CMakeFiles/CMakeTmp/Debug/include -I/Users/endertekin/Projects/zoomboard/rtmp_server/build/CMakeFiles/CMakeTmp/CMAKE_TRY_COMPILE.build/Debug/cmTC_9fe15.build/DerivedSources/x86_64 -I/Users/endertekin/Projects/zoomboard/rtmp_server/build/CMakeFiles/CMakeTmp/CMAKE_TRY_COMPILE.build/Debug/cmTC_9fe15.build/DerivedSources -Wmost -Wno-four-char-constants -Wno-unknown-pragmas -F/Users/endertekin/Projects/zoomboard/rtmp_server/build/CMakeFiles/CMakeTmp/Debug --sysroot -MMD -MT dependencies -MF /Users/endertekin/Projects/zoomboard/rtmp_server/build/CMakeFiles/CMakeTmp/CMAKE_TRY_COMPILE.build/Debug/cmTC_9fe15.build/Objects-normal/x86_64/CMakeCXXCompilerABI.d --serialize-diagnostics /Users/endertekin/Projects/zoomboard/rtmp_server/build/CMakeFiles/CMakeTmp/CMAKE_TRY_COMPILE.build/Debug/cmTC_9fe15.build/Objects-normal/x86_64/CMakeCXXCompilerABI.dia -c /usr/local/Cellar/cmake/3.13.3/share/cmake/Modules/CMakeCXXCompilerABI.cpp -o /Users/endertekin/Projects/zoomboard/rtmp_server/build/CMakeFiles/CMakeTmp/CMAKE_TRY_COMPILE.build/Debug/cmTC_9fe15.build/Objects-normal/x86_64/CMakeCXXCompilerABI.o
clang: warning: argument unused during compilation: '-MF /Users/endertekin/Projects/zoomboard/rtmp_server/build/CMakeFiles/CMakeTmp/CMAKE_TRY_COMPILE.build/Debug/cmTC_9fe15.build/Objects-normal/x86_64/CMakeCXXCompilerABI.d' [-Wunused-command-line-argument]

2019-01-17 15:25:51.526 xcodebuild[53106:1331226]  DVTAssertions: Warning in /Library/Caches/com.apple.xbs/Sources/IDEXcode3ProjectSupport/IDEXcode3ProjectSupport-14460.26/Xcode3Core/LegacyProjects/Frameworks/DevToolsCore/DevToolsCore/SpecificationTypes/BuiltInSpecifications/Compilers/XCGccMakefileDependencies.mm:79
Details:  Failed to load dependencies output contents from ``/Users/endertekin/Projects/zoomboard/rtmp_server/build/CMakeFiles/CMakeTmp/CMAKE_TRY_COMPILE.build/Debug/cmTC_9fe15.build/Objects-normal/x86_64/CMakeCXXCompilerABI.d''. Error: Error Domain=NSCocoaErrorDomain Code=260 "The file “CMakeCXXCompilerABI.d” couldn’t be opened because there is no such file." UserInfo={NSFilePath=/Users/endertekin/Projects/zoomboard/rtmp_server/build/CMakeFiles/CMakeTmp/CMAKE_TRY_COMPILE.build/Debug/cmTC_9fe15.build/Objects-normal/x86_64/CMakeCXXCompilerABI.d, NSUnderlyingError=0x7fa3abb60290 {Error Domain=NSPOSIXErrorDomain Code=2 "No such file or directory"}}. User info: {
    NSFilePath = "/Users/endertekin/Projects/zoomboard/rtmp_server/build/CMakeFiles/CMakeTmp/CMAKE_TRY_COMPILE.build/Debug/cmTC_9fe15.build/Objects-normal/x86_64/CMakeCXXCompilerABI.d";
    NSUnderlyingError = "Error Domain=NSPOSIXErrorDomain Code=2 \"No such file or directory\"";
}.
Function: void XCGccMakefileDependenciesParsePathsFromRuleFile(NSString *__strong, void (^__strong)(NSString *__strong))
Thread:   <NSThread: 0x7fa3ab9a8150>{number = 6, name = (null)}
Please file a bug at https://bugreport.apple.com with this warning message and any useful information you can provide.
Ld Debug/cmTC_9fe15 normal x86_64
    cd /Users/endertekin/Projects/zoomboard/rtmp_server/build/CMakeFiles/CMakeTmp
    export MACOSX_DEPLOYMENT_TARGET=10.14
    /Applications/Xcode.app/Contents/Developer/Toolchains/XcodeDefault.xctoolchain/usr/bin/clang++ -arch x86_64 -isysroot /Applications/Xcode.app/Contents/Developer/Platforms/MacOSX.platform/Developer/SDKs/MacOSX10.14.sdk -L/Users/endertekin/Projects/zoomboard/rtmp_server/build/CMakeFiles/CMakeTmp/Debug -F/Users/endertekin/Projects/zoomboard/rtmp_server/build/CMakeFiles/CMakeTmp/Debug -filelist /Users/endertekin/Projects/zoomboard/rtmp_server/build/CMakeFiles/CMakeTmp/CMAKE_TRY_COMPILE.build/Debug/cmTC_9fe15.build/Objects-normal/x86_64/cmTC_9fe15.LinkFileList -mmacosx-version-min=10.14 -Xlinker -object_path_lto -Xlinker /Users/endertekin/Projects/zoomboard/rtmp_server/build/CMakeFiles/CMakeTmp/CMAKE_TRY_COMPILE.build/Debug/cmTC_9fe15.build/Objects-normal/x86_64/cmTC_9fe15_lto.o -Xlinker -no_deduplicate -v -Wl,-v -Wl,-search_paths_first -Wl,-headerpad_max_install_names -Xlinker -dependency_info -Xlinker /Users/endertekin/Projects/zoomboard/rtmp_server/build/CMakeFiles/CMakeTmp/CMAKE_TRY_COMPILE.build/Debug/cmTC_9fe15.build/Objects-normal/x86_64/cmTC_9fe15_dependency_info.dat -o /Users/endertekin/Projects/zoomboard/rtmp_server/build/CMakeFiles/CMakeTmp/Debug/cmTC_9fe15
Apple LLVM version 10.0.0 (clang-1000.11.45.5)
Target: x86_64-apple-darwin18.2.0
Thread model: posix
InstalledDir: /Applications/Xcode.app/Contents/Developer/Toolchains/XcodeDefault.xctoolchain/usr/bin
 "/Applications/Xcode.app/Contents/Developer/Toolchains/XcodeDefault.xctoolchain/usr/bin/ld" -demangle -lto_library /Applications/Xcode.app/Contents/Developer/Toolchains/XcodeDefault.xctoolchain/usr/lib/libLTO.dylib -dynamic -arch x86_64 -macosx_version_min 10.14.0 -syslibroot /Applications/Xcode.app/Contents/Developer/Platforms/MacOSX.platform/Developer/SDKs/MacOSX10.14.sdk -o /Users/endertekin/Projects/zoomboard/rtmp_server/build/CMakeFiles/CMakeTmp/Debug/cmTC_9fe15 -L/Users/endertekin/Projects/zoomboard/rtmp_server/build/CMakeFiles/CMakeTmp/Debug -filelist /Users/endertekin/Projects/zoomboard/rtmp_server/build/CMakeFiles/CMakeTmp/CMAKE_TRY_COMPILE.build/Debug/cmTC_9fe15.build/Objects-normal/x86_64/cmTC_9fe15.LinkFileList -object_path_lto /Users/endertekin/Projects/zoomboard/rtmp_server/build/CMakeFiles/CMakeTmp/CMAKE_TRY_COMPILE.build/Debug/cmTC_9fe15.build/Objects-normal/x86_64/cmTC_9fe15_lto.o -no_deduplicate -v -search_paths_first -headerpad_max_install_names -dependency_info /Users/endertekin/Projects/zoomboard/rtmp_server/build/CMakeFiles/CMakeTmp/CMAKE_TRY_COMPILE.build/Debug/cmTC_9fe15.build/Objects-normal/x86_64/cmTC_9fe15_dependency_info.dat -lc++ -lSystem /Applications/Xcode.app/Contents/Developer/Toolchains/XcodeDefault.xctoolchain/usr/lib/clang/10.0.0/lib/darwin/libclang_rt.osx.a -F/Users/endertekin/Projects/zoomboard/rtmp_server/build/CMakeFiles/CMakeTmp/Debug
@(#)PROGRAM:ld  PROJECT:ld64-409.12
BUILD 17:47:51 Sep 25 2018
configured to support archs: armv6 armv7 armv7s arm64 i386 x86_64 x86_64h armv6m armv7k armv7m armv7em arm64e arm64_32
Library search paths:
	/Users/endertekin/Projects/zoomboard/rtmp_server/build/CMakeFiles/CMakeTmp/Debug
	/Applications/Xcode.app/Contents/Developer/Platforms/MacOSX.platform/Developer/SDKs/MacOSX10.14.sdk/usr/lib
Framework search paths:
	/Users/endertekin/Projects/zoomboard/rtmp_server/build/CMakeFiles/CMakeTmp/Debug
	/Applications/Xcode.app/Contents/Developer/Platforms/MacOSX.platform/Developer/SDKs/MacOSX10.14.sdk/System/Library/Frameworks/

** BUILD SUCCEEDED **



Parsed CXX implicit link information from above output:
  link line regex: [^( *|.*[/\])(ld|CMAKE_LINK_STARTFILE-NOTFOUND|([^/\]+-)?ld|collect2)[^/\]*( |$)]
  ignore line: [Change Dir: /Users/endertekin/Projects/zoomboard/rtmp_server/build/CMakeFiles/CMakeTmp]
  ignore line: []
  ignore line: [Run Build Command:"/usr/bin/xcodebuild" "-project" "CMAKE_TRY_COMPILE.xcodeproj" "build" "-target" "cmTC_9fe15" "-configuration" "Debug"]
  ignore line: [Prepare build]
  ignore line: [note: Using legacy build system]
  ignore line: []
  ignore line: [=== BUILD TARGET cmTC_9fe15 OF PROJECT CMAKE_TRY_COMPILE WITH CONFIGURATION Debug ===]
  ignore line: []
  ignore line: [Check dependencies]
  ignore line: []
  ignore line: [Write auxiliary files]
  ignore line: [/bin/mkdir -p /Users/endertekin/Projects/zoomboard/rtmp_server/build/CMakeFiles/CMakeTmp/CMAKE_TRY_COMPILE.build/Debug/cmTC_9fe15.build/Objects-normal/x86_64]
  ignore line: [write-file /Users/endertekin/Projects/zoomboard/rtmp_server/build/CMakeFiles/CMakeTmp/CMAKE_TRY_COMPILE.build/Debug/cmTC_9fe15.build/Objects-normal/x86_64/cmTC_9fe15.LinkFileList]
  ignore line: []
  ignore line: [CompileC CMAKE_TRY_COMPILE.build/Debug/cmTC_9fe15.build/Objects-normal/x86_64/CMakeCXXCompilerABI.o /usr/local/Cellar/cmake/3.13.3/share/cmake/Modules/CMakeCXXCompilerABI.cpp normal x86_64 c++ com.apple.compilers.llvm.clang.1_0.compiler]
  ignore line: [    cd /Users/endertekin/Projects/zoomboard/rtmp_server/build/CMakeFiles/CMakeTmp]
  ignore line: [    export LANG=en_US.US-ASCII]
  ignore line: [    /Applications/Xcode.app/Contents/Developer/Toolchains/XcodeDefault.xctoolchain/usr/bin/clang -x c++ -arch x86_64 -fmessage-length=0 -fdiagnostics-show-note-include-stack -fmacro-backtrace-limit=0 -Wno-trigraphs -fpascal-strings -O0 -Wno-missing-field-initializers -Wno-missing-prototypes -Wno-return-type -Wno-non-virtual-dtor -Wno-overloaded-virtual -Wno-exit-time-destructors -Wno-missing-braces -Wparentheses -Wswitch -Wno-unused-function -Wno-unused-label -Wno-unused-parameter -Wno-unused-variable -Wunused-value -Wno-empty-body -Wno-uninitialized -Wno-unknown-pragmas -Wno-shadow -Wno-four-char-constants -Wno-conversion -Wno-constant-conversion -Wno-int-conversion -Wno-bool-conversion -Wno-enum-conversion -Wno-float-conversion -Wno-non-literal-null-conversion -Wno-objc-literal-conversion -Wno-shorten-64-to-32 -Wno-newline-eof -Wno-c++11-extensions -DCMAKE_INTDIR=\"Debug\" -isysroot /Applications/Xcode.app/Contents/Developer/Platforms/MacOSX.platform/Developer/SDKs/MacOSX10.14.sdk -fasm-blocks -fstrict-aliasing -Wdeprecated-declarations -Winvalid-offsetof -mmacosx-version-min=10.14 -g -Wno-sign-conversion -Wno-infinite-recursion -Wno-move -Wno-comma -Wno-block-capture-autoreleasing -Wno-strict-prototypes -Wno-range-loop-analysis -Wno-semicolon-before-method-body -I/Users/endertekin/Projects/zoomboard/rtmp_server/build/CMakeFiles/CMakeTmp/Debug/include -I/Users/endertekin/Projects/zoomboard/rtmp_server/build/CMakeFiles/CMakeTmp/CMAKE_TRY_COMPILE.build/Debug/cmTC_9fe15.build/DerivedSources/x86_64 -I/Users/endertekin/Projects/zoomboard/rtmp_server/build/CMakeFiles/CMakeTmp/CMAKE_TRY_COMPILE.build/Debug/cmTC_9fe15.build/DerivedSources -Wmost -Wno-four-char-constants -Wno-unknown-pragmas -F/Users/endertekin/Projects/zoomboard/rtmp_server/build/CMakeFiles/CMakeTmp/Debug --sysroot -MMD -MT dependencies -MF /Users/endertekin/Projects/zoomboard/rtmp_server/build/CMakeFiles/CMakeTmp/CMAKE_TRY_COMPILE.build/Debug/cmTC_9fe15.build/Objects-normal/x86_64/CMakeCXXCompilerABI.d --serialize-diagnostics /Users/endertekin/Projects/zoomboard/rtmp_server/build/CMakeFiles/CMakeTmp/CMAKE_TRY_COMPILE.build/Debug/cmTC_9fe15.build/Objects-normal/x86_64/CMakeCXXCompilerABI.dia -c /usr/local/Cellar/cmake/3.13.3/share/cmake/Modules/CMakeCXXCompilerABI.cpp -o /Users/endertekin/Projects/zoomboard/rtmp_server/build/CMakeFiles/CMakeTmp/CMAKE_TRY_COMPILE.build/Debug/cmTC_9fe15.build/Objects-normal/x86_64/CMakeCXXCompilerABI.o]
  ignore line: [clang: warning: argument unused during compilation: '-MF /Users/endertekin/Projects/zoomboard/rtmp_server/build/CMakeFiles/CMakeTmp/CMAKE_TRY_COMPILE.build/Debug/cmTC_9fe15.build/Objects-normal/x86_64/CMakeCXXCompilerABI.d' [-Wunused-command-line-argument]]
  ignore line: []
  ignore line: [2019-01-17 15:25:51.526 xcodebuild[53106:1331226]  DVTAssertions: Warning in /Library/Caches/com.apple.xbs/Sources/IDEXcode3ProjectSupport/IDEXcode3ProjectSupport-14460.26/Xcode3Core/LegacyProjects/Frameworks/DevToolsCore/DevToolsCore/SpecificationTypes/BuiltInSpecifications/Compilers/XCGccMakefileDependencies.mm:79]
  ignore line: [Details:  Failed to load dependencies output contents from ``/Users/endertekin/Projects/zoomboard/rtmp_server/build/CMakeFiles/CMakeTmp/CMAKE_TRY_COMPILE.build/Debug/cmTC_9fe15.build/Objects-normal/x86_64/CMakeCXXCompilerABI.d''. Error: Error Domain=NSCocoaErrorDomain Code=260 "The file “CMakeCXXCompilerABI.d” couldn’t be opened because there is no such file." UserInfo={NSFilePath=/Users/endertekin/Projects/zoomboard/rtmp_server/build/CMakeFiles/CMakeTmp/CMAKE_TRY_COMPILE.build/Debug/cmTC_9fe15.build/Objects-normal/x86_64/CMakeCXXCompilerABI.d, NSUnderlyingError=0x7fa3abb60290 {Error Domain=NSPOSIXErrorDomain Code=2 "No such file or directory"}}. User info: {]
  ignore line: [    NSFilePath = "/Users/endertekin/Projects/zoomboard/rtmp_server/build/CMakeFiles/CMakeTmp/CMAKE_TRY_COMPILE.build/Debug/cmTC_9fe15.build/Objects-normal/x86_64/CMakeCXXCompilerABI.d"]
  ignore line: []
  ignore line: [    NSUnderlyingError = "Error Domain=NSPOSIXErrorDomain Code=2 \"No such file or directory\""]
  ignore line: []
  ignore line: [}.]
  ignore line: [Function: void XCGccMakefileDependenciesParsePathsFromRuleFile(NSString *__strong, void (^__strong)(NSString *__strong))]
  ignore line: [Thread:   <NSThread: 0x7fa3ab9a8150>{number = 6, name = (null)}]
  ignore line: [Please file a bug at https://bugreport.apple.com with this warning message and any useful information you can provide.]
  ignore line: [Ld Debug/cmTC_9fe15 normal x86_64]
  ignore line: [    cd /Users/endertekin/Projects/zoomboard/rtmp_server/build/CMakeFiles/CMakeTmp]
  ignore line: [    export MACOSX_DEPLOYMENT_TARGET=10.14]
  ignore line: [    /Applications/Xcode.app/Contents/Developer/Toolchains/XcodeDefault.xctoolchain/usr/bin/clang++ -arch x86_64 -isysroot /Applications/Xcode.app/Contents/Developer/Platforms/MacOSX.platform/Developer/SDKs/MacOSX10.14.sdk -L/Users/endertekin/Projects/zoomboard/rtmp_server/build/CMakeFiles/CMakeTmp/Debug -F/Users/endertekin/Projects/zoomboard/rtmp_server/build/CMakeFiles/CMakeTmp/Debug -filelist /Users/endertekin/Projects/zoomboard/rtmp_server/build/CMakeFiles/CMakeTmp/CMAKE_TRY_COMPILE.build/Debug/cmTC_9fe15.build/Objects-normal/x86_64/cmTC_9fe15.LinkFileList -mmacosx-version-min=10.14 -Xlinker -object_path_lto -Xlinker /Users/endertekin/Projects/zoomboard/rtmp_server/build/CMakeFiles/CMakeTmp/CMAKE_TRY_COMPILE.build/Debug/cmTC_9fe15.build/Objects-normal/x86_64/cmTC_9fe15_lto.o -Xlinker -no_deduplicate -v -Wl,-v -Wl,-search_paths_first -Wl,-headerpad_max_install_names -Xlinker -dependency_info -Xlinker /Users/endertekin/Projects/zoomboard/rtmp_server/build/CMakeFiles/CMakeTmp/CMAKE_TRY_COMPILE.build/Debug/cmTC_9fe15.build/Objects-normal/x86_64/cmTC_9fe15_dependency_info.dat -o /Users/endertekin/Projects/zoomboard/rtmp_server/build/CMakeFiles/CMakeTmp/Debug/cmTC_9fe15]
  ignore line: [Apple LLVM version 10.0.0 (clang-1000.11.45.5)]
  ignore line: [Target: x86_64-apple-darwin18.2.0]
  ignore line: [Thread model: posix]
  ignore line: [InstalledDir: /Applications/Xcode.app/Contents/Developer/Toolchains/XcodeDefault.xctoolchain/usr/bin]
  reduced line: [ "/Applications/Xcode.app/Contents/Developer/Toolchains/XcodeDefault.xctoolchain/usr/bin/ld" -demangle -lto_library /Applications/Xcode.app/Contents/Developer/Toolchains/XcodeDefault.xctoolchain/usr/lib/libLTO.dylib -dynamic -arch x86_64 -macosx_version_min 10.14.0 -syslibroot /Applications/Xcode.app/Contents/Developer/Platforms/MacOSX.platform/Developer/SDKs/MacOSX10.14.sdk -o /Users/endertekin/Projects/zoomboard/rtmp_server/build/CMakeFiles/CMakeTmp/Debug/cmTC_9fe15 -L/Users/endertekin/Projects/zoomboard/rtmp_server/build/CMakeFiles/CMakeTmp/Debug -filelist /Users/endertekin/Projects/zoomboard/rtmp_server/build/CMakeFiles/CMakeTmp/CMAKE_TRY_COMPILE.build/Debug/cmTC_9fe15.build/Objects-normal/x86_64/cmTC_9fe15.LinkFileList -object_path_lto /Users/endertekin/Projects/zoomboard/rtmp_server/build/CMakeFiles/CMakeTmp/CMAKE_TRY_COMPILE.build/Debug/cmTC_9fe15.build/Objects-normal/x86_64/cmTC_9fe15_lto.o -no_deduplicate -v -search_paths_first -headerpad_max_install_names -dependency_info /Users/endertekin/Projects/zoomboard/rtmp_server/build/CMakeFiles/CMakeTmp/CMAKE_TRY_COMPILE.build/Debug/cmTC_9fe15.build/Objects-normal/x86_64/cmTC_9fe15_dependency_info.dat -lc++ -lSystem /Applications/Xcode.app/Contents/Developer/Toolchains/XcodeDefault.xctoolchain/usr/lib/clang/10.0.0/lib/darwin/libclang_rt.osx.a -F/Users/endertekin/Projects/zoomboard/rtmp_server/build/CMakeFiles/CMakeTmp/Debug]
            to: [ "/Applications/Xcode.app/Contents/Developer/Toolchains/XcodeDefault.xctoolchain/usr/bin/ld" -demangle -lto_library /Applications/Xcode.app/Contents/Developer/Toolchains/XcodeDefault.xctoolchain/usr/lib/libLTO.dylib -dynamic -arch x86_64 -macosx_version_min 10.14.0 -syslibroot /Applications/Xcode.app/Contents/Developer/Platforms/MacOSX.platform/Developer/SDKs/MacOSX10.14.sdk -o /Users/endertekin/Projects/zoomboard/rtmp_server/build/CMakeFiles/CMakeTmp/Debug/cmTC_9fe15 -filelist /Users/endertekin/Projects/zoomboard/rtmp_server/build/CMakeFiles/CMakeTmp/CMAKE_TRY_COMPILE.build/Debug/cmTC_9fe15.build/Objects-normal/x86_64/cmTC_9fe15.LinkFileList -object_path_lto /Users/endertekin/Projects/zoomboard/rtmp_server/build/CMakeFiles/CMakeTmp/CMAKE_TRY_COMPILE.build/Debug/cmTC_9fe15.build/Objects-normal/x86_64/cmTC_9fe15_lto.o -no_deduplicate -v -search_paths_first -headerpad_max_install_names -dependency_info /Users/endertekin/Projects/zoomboard/rtmp_server/build/CMakeFiles/CMakeTmp/CMAKE_TRY_COMPILE.build/Debug/cmTC_9fe15.build/Objects-normal/x86_64/cmTC_9fe15_dependency_info.dat -lc++ -lSystem /Applications/Xcode.app/Contents/Developer/Toolchains/XcodeDefault.xctoolchain/usr/lib/clang/10.0.0/lib/darwin/libclang_rt.osx.a ]
  link line: [ "/Applications/Xcode.app/Contents/Developer/Toolchains/XcodeDefault.xctoolchain/usr/bin/ld" -demangle -lto_library /Applications/Xcode.app/Contents/Developer/Toolchains/XcodeDefault.xctoolchain/usr/lib/libLTO.dylib -dynamic -arch x86_64 -macosx_version_min 10.14.0 -syslibroot /Applications/Xcode.app/Contents/Developer/Platforms/MacOSX.platform/Developer/SDKs/MacOSX10.14.sdk -o /Users/endertekin/Projects/zoomboard/rtmp_server/build/CMakeFiles/CMakeTmp/Debug/cmTC_9fe15 -filelist /Users/endertekin/Projects/zoomboard/rtmp_server/build/CMakeFiles/CMakeTmp/CMAKE_TRY_COMPILE.build/Debug/cmTC_9fe15.build/Objects-normal/x86_64/cmTC_9fe15.LinkFileList -object_path_lto /Users/endertekin/Projects/zoomboard/rtmp_server/build/CMakeFiles/CMakeTmp/CMAKE_TRY_COMPILE.build/Debug/cmTC_9fe15.build/Objects-normal/x86_64/cmTC_9fe15_lto.o -no_deduplicate -v -search_paths_first -headerpad_max_install_names -dependency_info /Users/endertekin/Projects/zoomboard/rtmp_server/build/CMakeFiles/CMakeTmp/CMAKE_TRY_COMPILE.build/Debug/cmTC_9fe15.build/Objects-normal/x86_64/cmTC_9fe15_dependency_info.dat -lc++ -lSystem /Applications/Xcode.app/Contents/Developer/Toolchains/XcodeDefault.xctoolchain/usr/lib/clang/10.0.0/lib/darwin/libclang_rt.osx.a ]
    arg [/Applications/Xcode.app/Contents/Developer/Toolchains/XcodeDefault.xctoolchain/usr/bin/ld] ==> ignore
    arg [-demangle] ==> ignore
    arg [-lto_library] ==> ignore, skip following value
    arg [/Applications/Xcode.app/Contents/Developer/Toolchains/XcodeDefault.xctoolchain/usr/lib/libLTO.dylib] ==> skip value of -lto_library
    arg [-dynamic] ==> ignore
    arg [-arch] ==> ignore
    arg [x86_64] ==> ignore
    arg [-macosx_version_min] ==> ignore
    arg [10.14.0] ==> ignore
    arg [-syslibroot] ==> ignore
    arg [/Applications/Xcode.app/Contents/Developer/Platforms/MacOSX.platform/Developer/SDKs/MacOSX10.14.sdk] ==> ignore
    arg [-o] ==> ignore
    arg [/Users/endertekin/Projects/zoomboard/rtmp_server/build/CMakeFiles/CMakeTmp/Debug/cmTC_9fe15] ==> ignore
    arg [-filelist] ==> ignore
    arg [/Users/endertekin/Projects/zoomboard/rtmp_server/build/CMakeFiles/CMakeTmp/CMAKE_TRY_COMPILE.build/Debug/cmTC_9fe15.build/Objects-normal/x86_64/cmTC_9fe15.LinkFileList] ==> ignore
    arg [-object_path_lto] ==> ignore
    arg [/Users/endertekin/Projects/zoomboard/rtmp_server/build/CMakeFiles/CMakeTmp/CMAKE_TRY_COMPILE.build/Debug/cmTC_9fe15.build/Objects-normal/x86_64/cmTC_9fe15_lto.o] ==> ignore
    arg [-no_deduplicate] ==> ignore
    arg [-v] ==> ignore
    arg [-search_paths_first] ==> ignore
    arg [-headerpad_max_install_names] ==> ignore
    arg [-dependency_info] ==> ignore
    arg [/Users/endertekin/Projects/zoomboard/rtmp_server/build/CMakeFiles/CMakeTmp/CMAKE_TRY_COMPILE.build/Debug/cmTC_9fe15.build/Objects-normal/x86_64/cmTC_9fe15_dependency_info.dat] ==> ignore
    arg [-lc++] ==> lib [c++]
    arg [-lSystem] ==> lib [System]
    arg [/Applications/Xcode.app/Contents/Developer/Toolchains/XcodeDefault.xctoolchain/usr/lib/clang/10.0.0/lib/darwin/libclang_rt.osx.a] ==> lib [/Applications/Xcode.app/Contents/Developer/Toolchains/XcodeDefault.xctoolchain/usr/lib/clang/10.0.0/lib/darwin/libclang_rt.osx.a]
  Library search paths: [;/Users/endertekin/Projects/zoomboard/rtmp_server/build/CMakeFiles/CMakeTmp/Debug;/Applications/Xcode.app/Contents/Developer/Platforms/MacOSX.platform/Developer/SDKs/MacOSX10.14.sdk/usr/lib]
  Framework search paths: [;/Users/endertekin/Projects/zoomboard/rtmp_server/build/CMakeFiles/CMakeTmp/Debug;/Applications/Xcode.app/Contents/Developer/Platforms/MacOSX.platform/Developer/SDKs/MacOSX10.14.sdk/System/Library/Frameworks/]
  remove lib [System]
  remove lib [/Applications/Xcode.app/Contents/Developer/Toolchains/XcodeDefault.xctoolchain/usr/lib/clang/10.0.0/lib/darwin/libclang_rt.osx.a]
  collapse library dir [/Users/endertekin/Projects/zoomboard/rtmp_server/build/CMakeFiles/CMakeTmp/Debug] ==> [/Users/endertekin/Projects/zoomboard/rtmp_server/build/CMakeFiles/CMakeTmp/Debug], skipping non-system directory
  collapse library dir [/Applications/Xcode.app/Contents/Developer/Platforms/MacOSX.platform/Developer/SDKs/MacOSX10.14.sdk/usr/lib] ==> [/Applications/Xcode.app/Contents/Developer/Platforms/MacOSX.platform/Developer/SDKs/MacOSX10.14.sdk/usr/lib]
  collapse framework dir [/Users/endertekin/Projects/zoomboard/rtmp_server/build/CMakeFiles/CMakeTmp/Debug] ==> [/Users/endertekin/Projects/zoomboard/rtmp_server/build/CMakeFiles/CMakeTmp/Debug], skipping non-system directory
  collapse framework dir [/Applications/Xcode.app/Contents/Developer/Platforms/MacOSX.platform/Developer/SDKs/MacOSX10.14.sdk/System/Library/Frameworks/] ==> [/Applications/Xcode.app/Contents/Developer/Platforms/MacOSX.platform/Developer/SDKs/MacOSX10.14.sdk/System/Library/Frameworks]
  implicit libs: [c++]
  implicit dirs: [/Applications/Xcode.app/Contents/Developer/Platforms/MacOSX.platform/Developer/SDKs/MacOSX10.14.sdk/usr/lib]
  implicit fwks: [/Applications/Xcode.app/Contents/Developer/Platforms/MacOSX.platform/Developer/SDKs/MacOSX10.14.sdk/System/Library/Frameworks]




Detecting CXX [-std=c++1z] compiler features compiled with the following output:
Change Dir: /Users/endertekin/Projects/zoomboard/rtmp_server/build/CMakeFiles/CMakeTmp

Run Build Command:"/usr/bin/xcodebuild" "-project" "CMAKE_TRY_COMPILE.xcodeproj" "build" "-target" "cmTC_f6ec7" "-configuration" "Debug"
Prepare build
note: Using legacy build system

=== BUILD TARGET cmTC_f6ec7 OF PROJECT CMAKE_TRY_COMPILE WITH CONFIGURATION Debug ===

Check dependencies

Write auxiliary files
/bin/mkdir -p /Users/endertekin/Projects/zoomboard/rtmp_server/build/CMakeFiles/CMakeTmp/CMAKE_TRY_COMPILE.build/Debug/cmTC_f6ec7.build/Objects-normal/x86_64
write-file /Users/endertekin/Projects/zoomboard/rtmp_server/build/CMakeFiles/CMakeTmp/CMAKE_TRY_COMPILE.build/Debug/cmTC_f6ec7.build/Objects-normal/x86_64/cmTC_f6ec7.LinkFileList

CompileC CMAKE_TRY_COMPILE.build/Debug/cmTC_f6ec7.build/Objects-normal/x86_64/feature_tests.o /Users/endertekin/Projects/zoomboard/rtmp_server/build/CMakeFiles/feature_tests.cxx normal x86_64 c++ com.apple.compilers.llvm.clang.1_0.compiler
    cd /Users/endertekin/Projects/zoomboard/rtmp_server/build/CMakeFiles/CMakeTmp
    export LANG=en_US.US-ASCII
    /Applications/Xcode.app/Contents/Developer/Toolchains/XcodeDefault.xctoolchain/usr/bin/clang -x c++ -arch x86_64 -fmessage-length=0 -fdiagnostics-show-note-include-stack -fmacro-backtrace-limit=0 -Wno-trigraphs -fpascal-strings -O0 -Wno-missing-field-initializers -Wno-missing-prototypes -Wno-return-type -Wno-non-virtual-dtor -Wno-overloaded-virtual -Wno-exit-time-destructors -Wno-missing-braces -Wparentheses -Wswitch -Wno-unused-function -Wno-unused-label -Wno-unused-parameter -Wno-unused-variable -Wunused-value -Wno-empty-body -Wno-uninitialized -Wno-unknown-pragmas -Wno-shadow -Wno-four-char-constants -Wno-conversion -Wno-constant-conversion -Wno-int-conversion -Wno-bool-conversion -Wno-enum-conversion -Wno-float-conversion -Wno-non-literal-null-conversion -Wno-objc-literal-conversion -Wno-shorten-64-to-32 -Wno-newline-eof -Wno-c++11-extensions -DCMAKE_INTDIR=\"Debug\" -isysroot /Applications/Xcode.app/Contents/Developer/Platforms/MacOSX.platform/Developer/SDKs/MacOSX10.14.sdk -fasm-blocks -fstrict-aliasing -Wdeprecated-declarations -Winvalid-offsetof -mmacosx-version-min=10.14 -g -Wno-sign-conversion -Wno-infinite-recursion -Wno-move -Wno-comma -Wno-block-capture-autoreleasing -Wno-strict-prototypes -Wno-range-loop-analysis -Wno-semicolon-before-method-body -I/Users/endertekin/Projects/zoomboard/rtmp_server/build/CMakeFiles/CMakeTmp/Debug/include -I/Users/endertekin/Projects/zoomboard/rtmp_server/build/CMakeFiles/CMakeTmp/CMAKE_TRY_COMPILE.build/Debug/cmTC_f6ec7.build/DerivedSources/x86_64 -I/Users/endertekin/Projects/zoomboard/rtmp_server/build/CMakeFiles/CMakeTmp/CMAKE_TRY_COMPILE.build/Debug/cmTC_f6ec7.build/DerivedSources -Wmost -Wno-four-char-constants -Wno-unknown-pragmas -F/Users/endertekin/Projects/zoomboard/rtmp_server/build/CMakeFiles/CMakeTmp/Debug --sysroot -std=c++1z -MMD -MT dependencies -MF /Users/endertekin/Projects/zoomboard/rtmp_server/build/CMakeFiles/CMakeTmp/CMAKE_TRY_COMPILE.build/Debug/cmTC_f6ec7.build/Objects-normal/x86_64/feature_tests.d --serialize-diagnostics /Users/endertekin/Projects/zoomboard/rtmp_server/build/CMakeFiles/CMakeTmp/CMAKE_TRY_COMPILE.build/Debug/cmTC_f6ec7.build/Objects-normal/x86_64/feature_tests.dia -c /Users/endertekin/Projects/zoomboard/rtmp_server/build/CMakeFiles/feature_tests.cxx -o /Users/endertekin/Projects/zoomboard/rtmp_server/build/CMakeFiles/CMakeTmp/CMAKE_TRY_COMPILE.build/Debug/cmTC_f6ec7.build/Objects-normal/x86_64/feature_tests.o

Ld Debug/cmTC_f6ec7 normal x86_64
    cd /Users/endertekin/Projects/zoomboard/rtmp_server/build/CMakeFiles/CMakeTmp
    export MACOSX_DEPLOYMENT_TARGET=10.14
    /Applications/Xcode.app/Contents/Developer/Toolchains/XcodeDefault.xctoolchain/usr/bin/clang++ -arch x86_64 -isysroot /Applications/Xcode.app/Contents/Developer/Platforms/MacOSX.platform/Developer/SDKs/MacOSX10.14.sdk -L/Users/endertekin/Projects/zoomboard/rtmp_server/build/CMakeFiles/CMakeTmp/Debug -F/Users/endertekin/Projects/zoomboard/rtmp_server/build/CMakeFiles/CMakeTmp/Debug -filelist /Users/endertekin/Projects/zoomboard/rtmp_server/build/CMakeFiles/CMakeTmp/CMAKE_TRY_COMPILE.build/Debug/cmTC_f6ec7.build/Objects-normal/x86_64/cmTC_f6ec7.LinkFileList -mmacosx-version-min=10.14 -Xlinker -object_path_lto -Xlinker /Users/endertekin/Projects/zoomboard/rtmp_server/build/CMakeFiles/CMakeTmp/CMAKE_TRY_COMPILE.build/Debug/cmTC_f6ec7.build/Objects-normal/x86_64/cmTC_f6ec7_lto.o -Xlinker -no_deduplicate -Wl,-search_paths_first -Wl,-headerpad_max_install_names -Xlinker -dependency_info -Xlinker /Users/endertekin/Projects/zoomboard/rtmp_server/build/CMakeFiles/CMakeTmp/CMAKE_TRY_COMPILE.build/Debug/cmTC_f6ec7.build/Objects-normal/x86_64/cmTC_f6ec7_dependency_info.dat -o /Users/endertekin/Projects/zoomboard/rtmp_server/build/CMakeFiles/CMakeTmp/Debug/cmTC_f6ec7

** BUILD SUCCEEDED **



    Feature record: CXX_FEATURE:0cxx_aggregate_default_initializers
    Feature record: CXX_FEATURE:0cxx_alias_templates
    Feature record: CXX_FEATURE:0cxx_alignas
    Feature record: CXX_FEATURE:0cxx_alignof
    Feature record: CXX_FEATURE:0cxx_attributes
    Feature record: CXX_FEATURE:0cxx_attribute_deprecated
    Feature record: CXX_FEATURE:0cxx_auto_type
    Feature record: CXX_FEATURE:0cxx_binary_literals
    Feature record: CXX_FEATURE:0cxx_constexpr
    Feature record: CXX_FEATURE:0cxx_contextual_conversions
    Feature record: CXX_FEATURE:0cxx_decltype
    Feature record: CXX_FEATURE:0cxx_decltype_auto
    Feature record: CXX_FEATURE:0cxx_decltype_incomplete_return_types
    Feature record: CXX_FEATURE:0cxx_default_function_template_args
    Feature record: CXX_FEATURE:0cxx_defaulted_functions
    Feature record: CXX_FEATURE:0cxx_defaulted_move_initializers
    Feature record: CXX_FEATURE:0cxx_delegating_constructors
    Feature record: CXX_FEATURE:0cxx_deleted_functions
    Feature record: CXX_FEATURE:0cxx_digit_separators
    Feature record: CXX_FEATURE:0cxx_enum_forward_declarations
    Feature record: CXX_FEATURE:0cxx_explicit_conversions
    Feature record: CXX_FEATURE:0cxx_extended_friend_declarations
    Feature record: CXX_FEATURE:0cxx_extern_templates
    Feature record: CXX_FEATURE:0cxx_final
    Feature record: CXX_FEATURE:0cxx_func_identifier
    Feature record: CXX_FEATURE:0cxx_generalized_initializers
    Feature record: CXX_FEATURE:0cxx_generic_lambdas
    Feature record: CXX_FEATURE:0cxx_inheriting_constructors
    Feature record: CXX_FEATURE:0cxx_inline_namespaces
    Feature record: CXX_FEATURE:0cxx_lambdas
    Feature record: CXX_FEATURE:0cxx_lambda_init_captures
    Feature record: CXX_FEATURE:0cxx_local_type_template_args
    Feature record: CXX_FEATURE:0cxx_long_long_type
    Feature record: CXX_FEATURE:0cxx_noexcept
    Feature record: CXX_FEATURE:0cxx_nonstatic_member_init
    Feature record: CXX_FEATURE:0cxx_nullptr
    Feature record: CXX_FEATURE:0cxx_override
    Feature record: CXX_FEATURE:0cxx_range_for
    Feature record: CXX_FEATURE:0cxx_raw_string_literals
    Feature record: CXX_FEATURE:0cxx_reference_qualified_functions
    Feature record: CXX_FEATURE:0cxx_relaxed_constexpr
    Feature record: CXX_FEATURE:0cxx_return_type_deduction
    Feature record: CXX_FEATURE:0cxx_right_angle_brackets
    Feature record: CXX_FEATURE:0cxx_rvalue_references
    Feature record: CXX_FEATURE:0cxx_sizeof_member
    Feature record: CXX_FEATURE:0cxx_static_assert
    Feature record: CXX_FEATURE:0cxx_strong_enums
    Feature record: CXX_FEATURE:1cxx_template_template_parameters
    Feature record: CXX_FEATURE:0cxx_thread_local
    Feature record: CXX_FEATURE:0cxx_trailing_return_types
    Feature record: CXX_FEATURE:0cxx_unicode_literals
    Feature record: CXX_FEATURE:0cxx_uniform_initialization
    Feature record: CXX_FEATURE:0cxx_unrestricted_unions
    Feature record: CXX_FEATURE:0cxx_user_literals
    Feature record: CXX_FEATURE:0cxx_variable_templates
    Feature record: CXX_FEATURE:0cxx_variadic_macros
    Feature record: CXX_FEATURE:0cxx_variadic_templates


Detecting CXX [-std=c++14] compiler features compiled with the following output:
Change Dir: /Users/endertekin/Projects/zoomboard/rtmp_server/build/CMakeFiles/CMakeTmp

Run Build Command:"/usr/bin/xcodebuild" "-project" "CMAKE_TRY_COMPILE.xcodeproj" "build" "-target" "cmTC_3ec1c" "-configuration" "Debug"
Prepare build
note: Using legacy build system

=== BUILD TARGET cmTC_3ec1c OF PROJECT CMAKE_TRY_COMPILE WITH CONFIGURATION Debug ===

Check dependencies

Write auxiliary files
/bin/mkdir -p /Users/endertekin/Projects/zoomboard/rtmp_server/build/CMakeFiles/CMakeTmp/CMAKE_TRY_COMPILE.build/Debug/cmTC_3ec1c.build/Objects-normal/x86_64
write-file /Users/endertekin/Projects/zoomboard/rtmp_server/build/CMakeFiles/CMakeTmp/CMAKE_TRY_COMPILE.build/Debug/cmTC_3ec1c.build/Objects-normal/x86_64/cmTC_3ec1c.LinkFileList

CompileC CMAKE_TRY_COMPILE.build/Debug/cmTC_3ec1c.build/Objects-normal/x86_64/feature_tests.o /Users/endertekin/Projects/zoomboard/rtmp_server/build/CMakeFiles/feature_tests.cxx normal x86_64 c++ com.apple.compilers.llvm.clang.1_0.compiler
    cd /Users/endertekin/Projects/zoomboard/rtmp_server/build/CMakeFiles/CMakeTmp
    export LANG=en_US.US-ASCII
    /Applications/Xcode.app/Contents/Developer/Toolchains/XcodeDefault.xctoolchain/usr/bin/clang -x c++ -arch x86_64 -fmessage-length=0 -fdiagnostics-show-note-include-stack -fmacro-backtrace-limit=0 -Wno-trigraphs -fpascal-strings -O0 -Wno-missing-field-initializers -Wno-missing-prototypes -Wno-return-type -Wno-non-virtual-dtor -Wno-overloaded-virtual -Wno-exit-time-destructors -Wno-missing-braces -Wparentheses -Wswitch -Wno-unused-function -Wno-unused-label -Wno-unused-parameter -Wno-unused-variable -Wunused-value -Wno-empty-body -Wno-uninitialized -Wno-unknown-pragmas -Wno-shadow -Wno-four-char-constants -Wno-conversion -Wno-constant-conversion -Wno-int-conversion -Wno-bool-conversion -Wno-enum-conversion -Wno-float-conversion -Wno-non-literal-null-conversion -Wno-objc-literal-conversion -Wno-shorten-64-to-32 -Wno-newline-eof -Wno-c++11-extensions -DCMAKE_INTDIR=\"Debug\" -isysroot /Applications/Xcode.app/Contents/Developer/Platforms/MacOSX.platform/Developer/SDKs/MacOSX10.14.sdk -fasm-blocks -fstrict-aliasing -Wdeprecated-declarations -Winvalid-offsetof -mmacosx-version-min=10.14 -g -Wno-sign-conversion -Wno-infinite-recursion -Wno-move -Wno-comma -Wno-block-capture-autoreleasing -Wno-strict-prototypes -Wno-range-loop-analysis -Wno-semicolon-before-method-body -I/Users/endertekin/Projects/zoomboard/rtmp_server/build/CMakeFiles/CMakeTmp/Debug/include -I/Users/endertekin/Projects/zoomboard/rtmp_server/build/CMakeFiles/CMakeTmp/CMAKE_TRY_COMPILE.build/Debug/cmTC_3ec1c.build/DerivedSources/x86_64 -I/Users/endertekin/Projects/zoomboard/rtmp_server/build/CMakeFiles/CMakeTmp/CMAKE_TRY_COMPILE.build/Debug/cmTC_3ec1c.build/DerivedSources -Wmost -Wno-four-char-constants -Wno-unknown-pragmas -F/Users/endertekin/Projects/zoomboard/rtmp_server/build/CMakeFiles/CMakeTmp/Debug --sysroot -std=c++14 -MMD -MT dependencies -MF /Users/endertekin/Projects/zoomboard/rtmp_server/build/CMakeFiles/CMakeTmp/CMAKE_TRY_COMPILE.build/Debug/cmTC_3ec1c.build/Objects-normal/x86_64/feature_tests.d --serialize-diagnostics /Users/endertekin/Projects/zoomboard/rtmp_server/build/CMakeFiles/CMakeTmp/CMAKE_TRY_COMPILE.build/Debug/cmTC_3ec1c.build/Objects-normal/x86_64/feature_tests.dia -c /Users/endertekin/Projects/zoomboard/rtmp_server/build/CMakeFiles/feature_tests.cxx -o /Users/endertekin/Projects/zoomboard/rtmp_server/build/CMakeFiles/CMakeTmp/CMAKE_TRY_COMPILE.build/Debug/cmTC_3ec1c.build/Objects-normal/x86_64/feature_tests.o

Ld Debug/cmTC_3ec1c normal x86_64
    cd /Users/endertekin/Projects/zoomboard/rtmp_server/build/CMakeFiles/CMakeTmp
    export MACOSX_DEPLOYMENT_TARGET=10.14
    /Applications/Xcode.app/Contents/Developer/Toolchains/XcodeDefault.xctoolchain/usr/bin/clang++ -arch x86_64 -isysroot /Applications/Xcode.app/Contents/Developer/Platforms/MacOSX.platform/Developer/SDKs/MacOSX10.14.sdk -L/Users/endertekin/Projects/zoomboard/rtmp_server/build/CMakeFiles/CMakeTmp/Debug -F/Users/endertekin/Projects/zoomboard/rtmp_server/build/CMakeFiles/CMakeTmp/Debug -filelist /Users/endertekin/Projects/zoomboard/rtmp_server/build/CMakeFiles/CMakeTmp/CMAKE_TRY_COMPILE.build/Debug/cmTC_3ec1c.build/Objects-normal/x86_64/cmTC_3ec1c.LinkFileList -mmacosx-version-min=10.14 -Xlinker -object_path_lto -Xlinker /Users/endertekin/Projects/zoomboard/rtmp_server/build/CMakeFiles/CMakeTmp/CMAKE_TRY_COMPILE.build/Debug/cmTC_3ec1c.build/Objects-normal/x86_64/cmTC_3ec1c_lto.o -Xlinker -no_deduplicate -Wl,-search_paths_first -Wl,-headerpad_max_install_names -Xlinker -dependency_info -Xlinker /Users/endertekin/Projects/zoomboard/rtmp_server/build/CMakeFiles/CMakeTmp/CMAKE_TRY_COMPILE.build/Debug/cmTC_3ec1c.build/Objects-normal/x86_64/cmTC_3ec1c_dependency_info.dat -o /Users/endertekin/Projects/zoomboard/rtmp_server/build/CMakeFiles/CMakeTmp/Debug/cmTC_3ec1c

** BUILD SUCCEEDED **



    Feature record: CXX_FEATURE:0cxx_aggregate_default_initializers
    Feature record: CXX_FEATURE:0cxx_alias_templates
    Feature record: CXX_FEATURE:0cxx_alignas
    Feature record: CXX_FEATURE:0cxx_alignof
    Feature record: CXX_FEATURE:0cxx_attributes
    Feature record: CXX_FEATURE:0cxx_attribute_deprecated
    Feature record: CXX_FEATURE:0cxx_auto_type
    Feature record: CXX_FEATURE:0cxx_binary_literals
    Feature record: CXX_FEATURE:0cxx_constexpr
    Feature record: CXX_FEATURE:0cxx_contextual_conversions
    Feature record: CXX_FEATURE:0cxx_decltype
    Feature record: CXX_FEATURE:0cxx_decltype_auto
    Feature record: CXX_FEATURE:0cxx_decltype_incomplete_return_types
    Feature record: CXX_FEATURE:0cxx_default_function_template_args
    Feature record: CXX_FEATURE:0cxx_defaulted_functions
    Feature record: CXX_FEATURE:0cxx_defaulted_move_initializers
    Feature record: CXX_FEATURE:0cxx_delegating_constructors
    Feature record: CXX_FEATURE:0cxx_deleted_functions
    Feature record: CXX_FEATURE:0cxx_digit_separators
    Feature record: CXX_FEATURE:0cxx_enum_forward_declarations
    Feature record: CXX_FEATURE:0cxx_explicit_conversions
    Feature record: CXX_FEATURE:0cxx_extended_friend_declarations
    Feature record: CXX_FEATURE:0cxx_extern_templates
    Feature record: CXX_FEATURE:0cxx_final
    Feature record: CXX_FEATURE:0cxx_func_identifier
    Feature record: CXX_FEATURE:0cxx_generalized_initializers
    Feature record: CXX_FEATURE:0cxx_generic_lambdas
    Feature record: CXX_FEATURE:0cxx_inheriting_constructors
    Feature record: CXX_FEATURE:0cxx_inline_namespaces
    Feature record: CXX_FEATURE:0cxx_lambdas
    Feature record: CXX_FEATURE:0cxx_lambda_init_captures
    Feature record: CXX_FEATURE:0cxx_local_type_template_args
    Feature record: CXX_FEATURE:0cxx_long_long_type
    Feature record: CXX_FEATURE:0cxx_noexcept
    Feature record: CXX_FEATURE:0cxx_nonstatic_member_init
    Feature record: CXX_FEATURE:0cxx_nullptr
    Feature record: CXX_FEATURE:0cxx_override
    Feature record: CXX_FEATURE:0cxx_range_for
    Feature record: CXX_FEATURE:0cxx_raw_string_literals
    Feature record: CXX_FEATURE:0cxx_reference_qualified_functions
    Feature record: CXX_FEATURE:0cxx_relaxed_constexpr
    Feature record: CXX_FEATURE:0cxx_return_type_deduction
    Feature record: CXX_FEATURE:0cxx_right_angle_brackets
    Feature record: CXX_FEATURE:0cxx_rvalue_references
    Feature record: CXX_FEATURE:0cxx_sizeof_member
    Feature record: CXX_FEATURE:0cxx_static_assert
    Feature record: CXX_FEATURE:0cxx_strong_enums
    Feature record: CXX_FEATURE:1cxx_template_template_parameters
    Feature record: CXX_FEATURE:0cxx_thread_local
    Feature record: CXX_FEATURE:0cxx_trailing_return_types
    Feature record: CXX_FEATURE:0cxx_unicode_literals
    Feature record: CXX_FEATURE:0cxx_uniform_initialization
    Feature record: CXX_FEATURE:0cxx_unrestricted_unions
    Feature record: CXX_FEATURE:0cxx_user_literals
    Feature record: CXX_FEATURE:0cxx_variable_templates
    Feature record: CXX_FEATURE:0cxx_variadic_macros
    Feature record: CXX_FEATURE:0cxx_variadic_templates


Detecting CXX [-std=c++11] compiler features compiled with the following output:
Change Dir: /Users/endertekin/Projects/zoomboard/rtmp_server/build/CMakeFiles/CMakeTmp

Run Build Command:"/usr/bin/xcodebuild" "-project" "CMAKE_TRY_COMPILE.xcodeproj" "build" "-target" "cmTC_09c79" "-configuration" "Debug"
Prepare build
note: Using legacy build system

=== BUILD TARGET cmTC_09c79 OF PROJECT CMAKE_TRY_COMPILE WITH CONFIGURATION Debug ===

Check dependencies

Write auxiliary files
/bin/mkdir -p /Users/endertekin/Projects/zoomboard/rtmp_server/build/CMakeFiles/CMakeTmp/CMAKE_TRY_COMPILE.build/Debug/cmTC_09c79.build/Objects-normal/x86_64
write-file /Users/endertekin/Projects/zoomboard/rtmp_server/build/CMakeFiles/CMakeTmp/CMAKE_TRY_COMPILE.build/Debug/cmTC_09c79.build/Objects-normal/x86_64/cmTC_09c79.LinkFileList

CompileC CMAKE_TRY_COMPILE.build/Debug/cmTC_09c79.build/Objects-normal/x86_64/feature_tests.o /Users/endertekin/Projects/zoomboard/rtmp_server/build/CMakeFiles/feature_tests.cxx normal x86_64 c++ com.apple.compilers.llvm.clang.1_0.compiler
    cd /Users/endertekin/Projects/zoomboard/rtmp_server/build/CMakeFiles/CMakeTmp
    export LANG=en_US.US-ASCII
    /Applications/Xcode.app/Contents/Developer/Toolchains/XcodeDefault.xctoolchain/usr/bin/clang -x c++ -arch x86_64 -fmessage-length=0 -fdiagnostics-show-note-include-stack -fmacro-backtrace-limit=0 -Wno-trigraphs -fpascal-strings -O0 -Wno-missing-field-initializers -Wno-missing-prototypes -Wno-return-type -Wno-non-virtual-dtor -Wno-overloaded-virtual -Wno-exit-time-destructors -Wno-missing-braces -Wparentheses -Wswitch -Wno-unused-function -Wno-unused-label -Wno-unused-parameter -Wno-unused-variable -Wunused-value -Wno-empty-body -Wno-uninitialized -Wno-unknown-pragmas -Wno-shadow -Wno-four-char-constants -Wno-conversion -Wno-constant-conversion -Wno-int-conversion -Wno-bool-conversion -Wno-enum-conversion -Wno-float-conversion -Wno-non-literal-null-conversion -Wno-objc-literal-conversion -Wno-shorten-64-to-32 -Wno-newline-eof -Wno-c++11-extensions -DCMAKE_INTDIR=\"Debug\" -isysroot /Applications/Xcode.app/Contents/Developer/Platforms/MacOSX.platform/Developer/SDKs/MacOSX10.14.sdk -fasm-blocks -fstrict-aliasing -Wdeprecated-declarations -Winvalid-offsetof -mmacosx-version-min=10.14 -g -Wno-sign-conversion -Wno-infinite-recursion -Wno-move -Wno-comma -Wno-block-capture-autoreleasing -Wno-strict-prototypes -Wno-range-loop-analysis -Wno-semicolon-before-method-body -I/Users/endertekin/Projects/zoomboard/rtmp_server/build/CMakeFiles/CMakeTmp/Debug/include -I/Users/endertekin/Projects/zoomboard/rtmp_server/build/CMakeFiles/CMakeTmp/CMAKE_TRY_COMPILE.build/Debug/cmTC_09c79.build/DerivedSources/x86_64 -I/Users/endertekin/Projects/zoomboard/rtmp_server/build/CMakeFiles/CMakeTmp/CMAKE_TRY_COMPILE.build/Debug/cmTC_09c79.build/DerivedSources -Wmost -Wno-four-char-constants -Wno-unknown-pragmas -F/Users/endertekin/Projects/zoomboard/rtmp_server/build/CMakeFiles/CMakeTmp/Debug --sysroot -std=c++11 -MMD -MT dependencies -MF /Users/endertekin/Projects/zoomboard/rtmp_server/build/CMakeFiles/CMakeTmp/CMAKE_TRY_COMPILE.build/Debug/cmTC_09c79.build/Objects-normal/x86_64/feature_tests.d --serialize-diagnostics /Users/endertekin/Projects/zoomboard/rtmp_server/build/CMakeFiles/CMakeTmp/CMAKE_TRY_COMPILE.build/Debug/cmTC_09c79.build/Objects-normal/x86_64/feature_tests.dia -c /Users/endertekin/Projects/zoomboard/rtmp_server/build/CMakeFiles/feature_tests.cxx -o /Users/endertekin/Projects/zoomboard/rtmp_server/build/CMakeFiles/CMakeTmp/CMAKE_TRY_COMPILE.build/Debug/cmTC_09c79.build/Objects-normal/x86_64/feature_tests.o

Ld Debug/cmTC_09c79 normal x86_64
    cd /Users/endertekin/Projects/zoomboard/rtmp_server/build/CMakeFiles/CMakeTmp
    export MACOSX_DEPLOYMENT_TARGET=10.14
    /Applications/Xcode.app/Contents/Developer/Toolchains/XcodeDefault.xctoolchain/usr/bin/clang++ -arch x86_64 -isysroot /Applications/Xcode.app/Contents/Developer/Platforms/MacOSX.platform/Developer/SDKs/MacOSX10.14.sdk -L/Users/endertekin/Projects/zoomboard/rtmp_server/build/CMakeFiles/CMakeTmp/Debug -F/Users/endertekin/Projects/zoomboard/rtmp_server/build/CMakeFiles/CMakeTmp/Debug -filelist /Users/endertekin/Projects/zoomboard/rtmp_server/build/CMakeFiles/CMakeTmp/CMAKE_TRY_COMPILE.build/Debug/cmTC_09c79.build/Objects-normal/x86_64/cmTC_09c79.LinkFileList -mmacosx-version-min=10.14 -Xlinker -object_path_lto -Xlinker /Users/endertekin/Projects/zoomboard/rtmp_server/build/CMakeFiles/CMakeTmp/CMAKE_TRY_COMPILE.build/Debug/cmTC_09c79.build/Objects-normal/x86_64/cmTC_09c79_lto.o -Xlinker -no_deduplicate -Wl,-search_paths_first -Wl,-headerpad_max_install_names -Xlinker -dependency_info -Xlinker /Users/endertekin/Projects/zoomboard/rtmp_server/build/CMakeFiles/CMakeTmp/CMAKE_TRY_COMPILE.build/Debug/cmTC_09c79.build/Objects-normal/x86_64/cmTC_09c79_dependency_info.dat -o /Users/endertekin/Projects/zoomboard/rtmp_server/build/CMakeFiles/CMakeTmp/Debug/cmTC_09c79

** BUILD SUCCEEDED **



    Feature record: CXX_FEATURE:0cxx_aggregate_default_initializers
    Feature record: CXX_FEATURE:0cxx_alias_templates
    Feature record: CXX_FEATURE:0cxx_alignas
    Feature record: CXX_FEATURE:0cxx_alignof
    Feature record: CXX_FEATURE:0cxx_attributes
    Feature record: CXX_FEATURE:0cxx_attribute_deprecated
    Feature record: CXX_FEATURE:0cxx_auto_type
    Feature record: CXX_FEATURE:0cxx_binary_literals
    Feature record: CXX_FEATURE:0cxx_constexpr
    Feature record: CXX_FEATURE:0cxx_contextual_conversions
    Feature record: CXX_FEATURE:0cxx_decltype
    Feature record: CXX_FEATURE:0cxx_decltype_auto
    Feature record: CXX_FEATURE:0cxx_decltype_incomplete_return_types
    Feature record: CXX_FEATURE:0cxx_default_function_template_args
    Feature record: CXX_FEATURE:0cxx_defaulted_functions
    Feature record: CXX_FEATURE:0cxx_defaulted_move_initializers
    Feature record: CXX_FEATURE:0cxx_delegating_constructors
    Feature record: CXX_FEATURE:0cxx_deleted_functions
    Feature record: CXX_FEATURE:0cxx_digit_separators
    Feature record: CXX_FEATURE:0cxx_enum_forward_declarations
    Feature record: CXX_FEATURE:0cxx_explicit_conversions
    Feature record: CXX_FEATURE:0cxx_extended_friend_declarations
    Feature record: CXX_FEATURE:0cxx_extern_templates
    Feature record: CXX_FEATURE:0cxx_final
    Feature record: CXX_FEATURE:0cxx_func_identifier
    Feature record: CXX_FEATURE:0cxx_generalized_initializers
    Feature record: CXX_FEATURE:0cxx_generic_lambdas
    Feature record: CXX_FEATURE:0cxx_inheriting_constructors
    Feature record: CXX_FEATURE:0cxx_inline_namespaces
    Feature record: CXX_FEATURE:0cxx_lambdas
    Feature record: CXX_FEATURE:0cxx_lambda_init_captures
    Feature record: CXX_FEATURE:0cxx_local_type_template_args
    Feature record: CXX_FEATURE:0cxx_long_long_type
    Feature record: CXX_FEATURE:0cxx_noexcept
    Feature record: CXX_FEATURE:0cxx_nonstatic_member_init
    Feature record: CXX_FEATURE:0cxx_nullptr
    Feature record: CXX_FEATURE:0cxx_override
    Feature record: CXX_FEATURE:0cxx_range_for
    Feature record: CXX_FEATURE:0cxx_raw_string_literals
    Feature record: CXX_FEATURE:0cxx_reference_qualified_functions
    Feature record: CXX_FEATURE:0cxx_relaxed_constexpr
    Feature record: CXX_FEATURE:0cxx_return_type_deduction
    Feature record: CXX_FEATURE:0cxx_right_angle_brackets
    Feature record: CXX_FEATURE:0cxx_rvalue_references
    Feature record: CXX_FEATURE:0cxx_sizeof_member
    Feature record: CXX_FEATURE:0cxx_static_assert
    Feature record: CXX_FEATURE:0cxx_strong_enums
    Feature record: CXX_FEATURE:1cxx_template_template_parameters
    Feature record: CXX_FEATURE:0cxx_thread_local
    Feature record: CXX_FEATURE:0cxx_trailing_return_types
    Feature record: CXX_FEATURE:0cxx_unicode_literals
    Feature record: CXX_FEATURE:0cxx_uniform_initialization
    Feature record: CXX_FEATURE:0cxx_unrestricted_unions
    Feature record: CXX_FEATURE:0cxx_user_literals
    Feature record: CXX_FEATURE:0cxx_variable_templates
    Feature record: CXX_FEATURE:0cxx_variadic_macros
    Feature record: CXX_FEATURE:0cxx_variadic_templates


Detecting CXX [-std=c++98] compiler features compiled with the following output:
Change Dir: /Users/endertekin/Projects/zoomboard/rtmp_server/build/CMakeFiles/CMakeTmp

Run Build Command:"/usr/bin/xcodebuild" "-project" "CMAKE_TRY_COMPILE.xcodeproj" "build" "-target" "cmTC_6a00c" "-configuration" "Debug"
Prepare build
note: Using legacy build system

=== BUILD TARGET cmTC_6a00c OF PROJECT CMAKE_TRY_COMPILE WITH CONFIGURATION Debug ===

Check dependencies

Write auxiliary files
/bin/mkdir -p /Users/endertekin/Projects/zoomboard/rtmp_server/build/CMakeFiles/CMakeTmp/CMAKE_TRY_COMPILE.build/Debug/cmTC_6a00c.build/Objects-normal/x86_64
write-file /Users/endertekin/Projects/zoomboard/rtmp_server/build/CMakeFiles/CMakeTmp/CMAKE_TRY_COMPILE.build/Debug/cmTC_6a00c.build/Objects-normal/x86_64/cmTC_6a00c.LinkFileList

CompileC CMAKE_TRY_COMPILE.build/Debug/cmTC_6a00c.build/Objects-normal/x86_64/feature_tests.o /Users/endertekin/Projects/zoomboard/rtmp_server/build/CMakeFiles/feature_tests.cxx normal x86_64 c++ com.apple.compilers.llvm.clang.1_0.compiler
    cd /Users/endertekin/Projects/zoomboard/rtmp_server/build/CMakeFiles/CMakeTmp
    export LANG=en_US.US-ASCII
    /Applications/Xcode.app/Contents/Developer/Toolchains/XcodeDefault.xctoolchain/usr/bin/clang -x c++ -arch x86_64 -fmessage-length=0 -fdiagnostics-show-note-include-stack -fmacro-backtrace-limit=0 -Wno-trigraphs -fpascal-strings -O0 -Wno-missing-field-initializers -Wno-missing-prototypes -Wno-return-type -Wno-non-virtual-dtor -Wno-overloaded-virtual -Wno-exit-time-destructors -Wno-missing-braces -Wparentheses -Wswitch -Wno-unused-function -Wno-unused-label -Wno-unused-parameter -Wno-unused-variable -Wunused-value -Wno-empty-body -Wno-uninitialized -Wno-unknown-pragmas -Wno-shadow -Wno-four-char-constants -Wno-conversion -Wno-constant-conversion -Wno-int-conversion -Wno-bool-conversion -Wno-enum-conversion -Wno-float-conversion -Wno-non-literal-null-conversion -Wno-objc-literal-conversion -Wno-shorten-64-to-32 -Wno-newline-eof -Wno-c++11-extensions -DCMAKE_INTDIR=\"Debug\" -isysroot /Applications/Xcode.app/Contents/Developer/Platforms/MacOSX.platform/Developer/SDKs/MacOSX10.14.sdk -fasm-blocks -fstrict-aliasing -Wdeprecated-declarations -Winvalid-offsetof -mmacosx-version-min=10.14 -g -Wno-sign-conversion -Wno-infinite-recursion -Wno-move -Wno-comma -Wno-block-capture-autoreleasing -Wno-strict-prototypes -Wno-range-loop-analysis -Wno-semicolon-before-method-body -I/Users/endertekin/Projects/zoomboard/rtmp_server/build/CMakeFiles/CMakeTmp/Debug/include -I/Users/endertekin/Projects/zoomboard/rtmp_server/build/CMakeFiles/CMakeTmp/CMAKE_TRY_COMPILE.build/Debug/cmTC_6a00c.build/DerivedSources/x86_64 -I/Users/endertekin/Projects/zoomboard/rtmp_server/build/CMakeFiles/CMakeTmp/CMAKE_TRY_COMPILE.build/Debug/cmTC_6a00c.build/DerivedSources -Wmost -Wno-four-char-constants -Wno-unknown-pragmas -F/Users/endertekin/Projects/zoomboard/rtmp_server/build/CMakeFiles/CMakeTmp/Debug --sysroot -std=c++98 -MMD -MT dependencies -MF /Users/endertekin/Projects/zoomboard/rtmp_server/build/CMakeFiles/CMakeTmp/CMAKE_TRY_COMPILE.build/Debug/cmTC_6a00c.build/Objects-normal/x86_64/feature_tests.d --serialize-diagnostics /Users/endertekin/Projects/zoomboard/rtmp_server/build/CMakeFiles/CMakeTmp/CMAKE_TRY_COMPILE.build/Debug/cmTC_6a00c.build/Objects-normal/x86_64/feature_tests.dia -c /Users/endertekin/Projects/zoomboard/rtmp_server/build/CMakeFiles/feature_tests.cxx -o /Users/endertekin/Projects/zoomboard/rtmp_server/build/CMakeFiles/CMakeTmp/CMAKE_TRY_COMPILE.build/Debug/cmTC_6a00c.build/Objects-normal/x86_64/feature_tests.o

Ld Debug/cmTC_6a00c normal x86_64
    cd /Users/endertekin/Projects/zoomboard/rtmp_server/build/CMakeFiles/CMakeTmp
    export MACOSX_DEPLOYMENT_TARGET=10.14
    /Applications/Xcode.app/Contents/Developer/Toolchains/XcodeDefault.xctoolchain/usr/bin/clang++ -arch x86_64 -isysroot /Applications/Xcode.app/Contents/Developer/Platforms/MacOSX.platform/Developer/SDKs/MacOSX10.14.sdk -L/Users/endertekin/Projects/zoomboard/rtmp_server/build/CMakeFiles/CMakeTmp/Debug -F/Users/endertekin/Projects/zoomboard/rtmp_server/build/CMakeFiles/CMakeTmp/Debug -filelist /Users/endertekin/Projects/zoomboard/rtmp_server/build/CMakeFiles/CMakeTmp/CMAKE_TRY_COMPILE.build/Debug/cmTC_6a00c.build/Objects-normal/x86_64/cmTC_6a00c.LinkFileList -mmacosx-version-min=10.14 -Xlinker -object_path_lto -Xlinker /Users/endertekin/Projects/zoomboard/rtmp_server/build/CMakeFiles/CMakeTmp/CMAKE_TRY_COMPILE.build/Debug/cmTC_6a00c.build/Objects-normal/x86_64/cmTC_6a00c_lto.o -Xlinker -no_deduplicate -Wl,-search_paths_first -Wl,-headerpad_max_install_names -Xlinker -dependency_info -Xlinker /Users/endertekin/Projects/zoomboard/rtmp_server/build/CMakeFiles/CMakeTmp/CMAKE_TRY_COMPILE.build/Debug/cmTC_6a00c.build/Objects-normal/x86_64/cmTC_6a00c_dependency_info.dat -o /Users/endertekin/Projects/zoomboard/rtmp_server/build/CMakeFiles/CMakeTmp/Debug/cmTC_6a00c

** BUILD SUCCEEDED **



    Feature record: CXX_FEATURE:0cxx_aggregate_default_initializers
    Feature record: CXX_FEATURE:0cxx_alias_templates
    Feature record: CXX_FEATURE:0cxx_alignas
    Feature record: CXX_FEATURE:0cxx_alignof
    Feature record: CXX_FEATURE:0cxx_attributes
    Feature record: CXX_FEATURE:0cxx_attribute_deprecated
    Feature record: CXX_FEATURE:0cxx_auto_type
    Feature record: CXX_FEATURE:0cxx_binary_literals
    Feature record: CXX_FEATURE:0cxx_constexpr
    Feature record: CXX_FEATURE:0cxx_contextual_conversions
    Feature record: CXX_FEATURE:0cxx_decltype
    Feature record: CXX_FEATURE:0cxx_decltype_auto
    Feature record: CXX_FEATURE:0cxx_decltype_incomplete_return_types
    Feature record: CXX_FEATURE:0cxx_default_function_template_args
    Feature record: CXX_FEATURE:0cxx_defaulted_functions
    Feature record: CXX_FEATURE:0cxx_defaulted_move_initializers
    Feature record: CXX_FEATURE:0cxx_delegating_constructors
    Feature record: CXX_FEATURE:0cxx_deleted_functions
    Feature record: CXX_FEATURE:0cxx_digit_separators
    Feature record: CXX_FEATURE:0cxx_enum_forward_declarations
    Feature record: CXX_FEATURE:0cxx_explicit_conversions
    Feature record: CXX_FEATURE:0cxx_extended_friend_declarations
    Feature record: CXX_FEATURE:0cxx_extern_templates
    Feature record: CXX_FEATURE:0cxx_final
    Feature record: CXX_FEATURE:0cxx_func_identifier
    Feature record: CXX_FEATURE:0cxx_generalized_initializers
    Feature record: CXX_FEATURE:0cxx_generic_lambdas
    Feature record: CXX_FEATURE:0cxx_inheriting_constructors
    Feature record: CXX_FEATURE:0cxx_inline_namespaces
    Feature record: CXX_FEATURE:0cxx_lambdas
    Feature record: CXX_FEATURE:0cxx_lambda_init_captures
    Feature record: CXX_FEATURE:0cxx_local_type_template_args
    Feature record: CXX_FEATURE:0cxx_long_long_type
    Feature record: CXX_FEATURE:0cxx_noexcept
    Feature record: CXX_FEATURE:0cxx_nonstatic_member_init
    Feature record: CXX_FEATURE:0cxx_nullptr
    Feature record: CXX_FEATURE:0cxx_override
    Feature record: CXX_FEATURE:0cxx_range_for
    Feature record: CXX_FEATURE:0cxx_raw_string_literals
    Feature record: CXX_FEATURE:0cxx_reference_qualified_functions
    Feature record: CXX_FEATURE:0cxx_relaxed_constexpr
    Feature record: CXX_FEATURE:0cxx_return_type_deduction
    Feature record: CXX_FEATURE:0cxx_right_angle_brackets
    Feature record: CXX_FEATURE:0cxx_rvalue_references
    Feature record: CXX_FEATURE:0cxx_sizeof_member
    Feature record: CXX_FEATURE:0cxx_static_assert
    Feature record: CXX_FEATURE:0cxx_strong_enums
    Feature record: CXX_FEATURE:1cxx_template_template_parameters
    Feature record: CXX_FEATURE:0cxx_thread_local
    Feature record: CXX_FEATURE:0cxx_trailing_return_types
    Feature record: CXX_FEATURE:0cxx_unicode_literals
    Feature record: CXX_FEATURE:0cxx_uniform_initialization
    Feature record: CXX_FEATURE:0cxx_unrestricted_unions
    Feature record: CXX_FEATURE:0cxx_user_literals
    Feature record: CXX_FEATURE:0cxx_variable_templates
    Feature record: CXX_FEATURE:0cxx_variadic_macros
    Feature record: CXX_FEATURE:0cxx_variadic_templates
